0 info it worked if it ends with ok
1 verbose cli [ 'D:\\nodejs\\node.exe',
1 verbose cli   'C:\\Users\\huwanqi\\AppData\\Roaming\\npm\\node_modules\\npm\\bin\\npm-cli.js',
1 verbose cli   'run',
1 verbose cli   'debug' ]
2 info using npm@3.10.7
3 info using node@v4.4.5
4 verbose run-script [ 'predebug', 'debug', 'postdebug' ]
5 info lifecycle viscomposer@1.0.0~predebug: viscomposer@1.0.0
6 silly lifecycle viscomposer@1.0.0~predebug: no script for predebug, continuing
7 info lifecycle viscomposer@1.0.0~debug: viscomposer@1.0.0
8 verbose lifecycle viscomposer@1.0.0~debug: unsafe-perm in lifecycle true
9 verbose lifecycle viscomposer@1.0.0~debug: PATH: C:\Users\huwanqi\AppData\Roaming\npm\node_modules\npm\bin\node-gyp-bin;F:\project\viscomposer_webpack\node_modules\.bin;C:\ProgramData\Oracle\Java\javapath;C:\Windows\system32;C:\Windows;C:\Windows\System32\Wbem;C:\Windows\System32\WindowsPowerShell\v1.0\;D:\QuickTime\QTSystem\;D:\Java\jdk1.8.0_60\bin;D:\Java\jdk1.8.0_60\jre\bin;D:\TortoiseSVN\bin;D:\Python27;D:\TortoiseGit\bin;C:\Program Files\Git\cmd;D:\nodejs\;D:\RailsFTW423216\bin;D:\Microsoft VS Code\bin;C:\Users\huwanqi\AppData\Roaming\npm
10 verbose lifecycle viscomposer@1.0.0~debug: CWD: F:\project\viscomposer_webpack
11 silly lifecycle viscomposer@1.0.0~debug: Args: [ '/d /s /c',
11 silly lifecycle   'webpack-dev-server --host 0.0.0.0 --inline --progress --profile --colors --watch --hot --display-error-details --display-cached  --content-base' ]
12 silly lifecycle viscomposer@1.0.0~debug: Returned: code: 1  signal: null
13 info lifecycle viscomposer@1.0.0~debug: Failed to exec debug script
14 verbose stack Error: viscomposer@1.0.0 debug: `webpack-dev-server --host 0.0.0.0 --inline --progress --profile --colors --watch --hot --display-error-details --display-cached  --content-base`
14 verbose stack Exit status 1
14 verbose stack     at EventEmitter.<anonymous> (C:\Users\huwanqi\AppData\Roaming\npm\node_modules\npm\lib\utils\lifecycle.js:255:16)
14 verbose stack     at emitTwo (events.js:87:13)
14 verbose stack     at EventEmitter.emit (events.js:172:7)
14 verbose stack     at ChildProcess.<anonymous> (C:\Users\huwanqi\AppData\Roaming\npm\node_modules\npm\lib\utils\spawn.js:40:14)
14 verbose stack     at emitTwo (events.js:87:13)
14 verbose stack     at ChildProcess.emit (events.js:172:7)
14 verbose stack     at maybeClose (internal/child_process.js:827:16)
14 verbose stack     at Process.ChildProcess._handle.onexit (internal/child_process.js:211:5)
15 verbose pkgid viscomposer@1.0.0
16 verbose cwd F:\project\viscomposer_webpack\src
17 error Windows_NT 6.1.7601
18 error argv "D:\\nodejs\\node.exe" "C:\\Users\\huwanqi\\AppData\\Roaming\\npm\\node_modules\\npm\\bin\\npm-cli.js" "run" "debug"
19 error node v4.4.5
20 error npm  v3.10.7
21 error code ELIFECYCLE
22 error viscomposer@1.0.0 debug: `webpack-dev-server --host 0.0.0.0 --inline --progress --profile --colors --watch --hot --display-error-details --display-cached  --content-base`
22 error Exit status 1
23 error Failed at the viscomposer@1.0.0 debug script 'webpack-dev-server --host 0.0.0.0 --inline --progress --profile --colors --watch --hot --display-error-details --display-cached  --content-base'.
23 error Make sure you have the latest version of node.js and npm installed.
23 error If you do, this is most likely a problem with the viscomposer package,
23 error not with npm itself.
23 error Tell the author that this fails on your system:
23 error     webpack-dev-server --host 0.0.0.0 --inline --progress --profile --colors --watch --hot --display-error-details --display-cached  --content-base
23 error You can get information on how to open an issue for this project with:
23 error     npm bugs viscomposer
23 error Or if that isn't available, you can get their info via:
23 error     npm owner ls viscomposer
23 error There is likely additional logging output above.
24 verbose exit [ 1, true ]
